<?xml version="1.0" encoding="UTF-8" ?>
<testsuite tests="3" failures="0" name="com.nagarro.java_test_1.test.service.AdditionTest" time="0.002" errors="0" skipped="0">
  <properties>
[...]
</properties>
  <testcase classname="com.nagarro.java_test_1.test.service.AdditionTest" name="testmultiplicationOfNumbers" time="0.002"/>
  <testcase classname="com.nagarro.java_test_1.test.service.AdditionTest" name="testAdditionOfNumbers" time="0"/>
  <testcase classname="com.nagarro.java_test_1.test.service.AdditionTest" name="testsubstractionOfNumbers" time="0"/>
</testsuite>